<?xml version="1.0" encoding="UTF-8"?>
<!-- Generated by org.testng.reporters.JUnitXMLReporter -->
<testsuite ignored="2" hostname="DESKTOP-GVIRPN1" failures="1" tests="2" name="TestRunner-edge" time="68.033" errors="0" timestamp="2024-05-15T14:34:09 IST">
  <testcase classname="com.crm.TestNG.Contact.Simple_ContactTest" name="createContact" time="16.483"/>
  <testcase classname="com.crm.TestNG.Contact.Create_contactTest" name="CreateContactWithOrgNameTest" time="15.544">
    <failure type="org.openqa.selenium.UnhandledAlertException" message="unexpected alert open: {Alert text : Organization Name Already Exists!}
  (Session info: MicrosoftEdge=124.0.2478.80): Organization Name Already Exists!
Build info: version: &amp;apos;4.12.0&amp;apos;, revision: &amp;apos;249f2a7d1b*&amp;apos;
System info: os.name: &amp;apos;Windows 10&amp;apos;, os.arch: &amp;apos;amd64&amp;apos;, os.version: &amp;apos;10.0&amp;apos;, java.version: &amp;apos;17.0.9&amp;apos;
Driver info: org.openqa.selenium.edge.EdgeDriver
Command: [1190329c7d92df00e12d706e646208f6, findElement {using=link text, value=Contacts}]
Capabilities {acceptInsecureCerts: false, browserName: MicrosoftEdge, browserVersion: 124.0.2478.80, fedcm:accounts: true, ms:edgeOptions: {debuggerAddress: localhost:53461}, msedge: {msedgedriverVersion: 124.0.2478.97 (cfa68c26d43d..., userDataDir: C:\Users\admin\AppData\Loca...}, networkConnectionEnabled: false, pageLoadStrategy: normal, platformName: windows, proxy: Proxy(), se:cdp: ws://localhost:53461/devtoo..., se:cdpVersion: 124.0.2478.80, setWindowRect: true, strictFileInteractability: false, timeouts: {implicit: 0, pageLoad: 300000, script: 30000}, unhandledPromptBehavior: dismiss and notify, webauthn:extension:credBlob: true, webauthn:extension:largeBlob: true, webauthn:extension:minPinLength: true, webauthn:extension:prf: true, webauthn:virtualAuthenticators: true}
Session ID: 1190329c7d92df00e12d706e646208f6">
      <![CDATA[org.openqa.selenium.UnhandledAlertException: unexpected alert open: {Alert text : Organization Name Already Exists!}
  (Session info: MicrosoftEdge=124.0.2478.80): Organization Name Already Exists!
Build info: version: '4.12.0', revision: '249f2a7d1b*'
System info: os.name: 'Windows 10', os.arch: 'amd64', os.version: '10.0', java.version: '17.0.9'
Driver info: org.openqa.selenium.edge.EdgeDriver
Command: [1190329c7d92df00e12d706e646208f6, findElement {using=link text, value=Contacts}]
Capabilities {acceptInsecureCerts: false, browserName: MicrosoftEdge, browserVersion: 124.0.2478.80, fedcm:accounts: true, ms:edgeOptions: {debuggerAddress: localhost:53461}, msedge: {msedgedriverVersion: 124.0.2478.97 (cfa68c26d43d..., userDataDir: C:\Users\admin\AppData\Loca...}, networkConnectionEnabled: false, pageLoadStrategy: normal, platformName: windows, proxy: Proxy(), se:cdp: ws://localhost:53461/devtoo..., se:cdpVersion: 124.0.2478.80, setWindowRect: true, strictFileInteractability: false, timeouts: {implicit: 0, pageLoad: 300000, script: 30000}, unhandledPromptBehavior: dismiss and notify, webauthn:extension:credBlob: true, webauthn:extension:largeBlob: true, webauthn:extension:minPinLength: true, webauthn:extension:prf: true, webauthn:virtualAuthenticators: true}
Session ID: 1190329c7d92df00e12d706e646208f6
at org.openqa.selenium.remote.codec.w3c.W3CHttpResponseCodec.decode(W3CHttpResponseCodec.java:131)
at org.openqa.selenium.remote.codec.w3c.W3CHttpResponseCodec.decode(W3CHttpResponseCodec.java:52)
at org.openqa.selenium.remote.HttpCommandExecutor.execute(HttpCommandExecutor.java:191)
at org.openqa.selenium.remote.service.DriverCommandExecutor.invokeExecute(DriverCommandExecutor.java:196)
at org.openqa.selenium.remote.service.DriverCommandExecutor.execute(DriverCommandExecutor.java:171)
at org.openqa.selenium.remote.RemoteWebDriver.execute(RemoteWebDriver.java:602)
at org.openqa.selenium.remote.ElementLocation$ElementFinder$2.findElement(ElementLocation.java:165)
at org.openqa.selenium.remote.ElementLocation.findElement(ElementLocation.java:59)
at org.openqa.selenium.remote.RemoteWebDriver.findElement(RemoteWebDriver.java:359)
at org.openqa.selenium.remote.RemoteWebDriver.findElement(RemoteWebDriver.java:353)
at org.openqa.selenium.support.pagefactory.DefaultElementLocator.findElement(DefaultElementLocator.java:68)
at org.openqa.selenium.support.pagefactory.internal.LocatingElementHandler.invoke(LocatingElementHandler.java:38)
at jdk.proxy2/jdk.proxy2.$Proxy21.click(Unknown Source)
at com.crm.TestNG.Contact.Create_contactTest.CreateContactWithOrgNameTest(Create_contactTest.java:39)
at java.base/java.util.ArrayList.forEach(ArrayList.java:1511)
at java.base/java.util.concurrent.FutureTask.run(FutureTask.java:264)
at java.base/java.util.concurrent.ThreadPoolExecutor.runWorker(ThreadPoolExecutor.java:1136)
at java.base/java.util.concurrent.ThreadPoolExecutor$Worker.run(ThreadPoolExecutor.java:635)
at java.base/java.lang.Thread.run(Thread.java:842)
... Removed 18 stack frames]]>
    </failure>
  </testcase> <!-- CreateContactWithOrgNameTest -->
  <testcase classname="com.crm.baseclass.Base_Class" name="@BeforeSuite connectToDatabase" time="0.0">
    <ignored/>
  </testcase> <!-- @BeforeSuite connectToDatabase -->
  <testcase classname="com.crm.baseclass.Base_Class" name="@AfterSuite disconnectToDatabase" time="0.0">
    <ignored/>
  </testcase> <!-- @AfterSuite disconnectToDatabase -->
</testsuite> <!-- TestRunner-edge -->
