<?xml version="1.0" encoding="UTF-8"?>
<!-- Generated by org.testng.reporters.JUnitXMLReporter -->
<testsuite ignored="1" hostname="DESKTOP-GVIRPN1" failures="0" tests="1" name="Test" time="17.485" errors="0" timestamp="2024-05-11T14:27:48 IST">
  <testcase classname="com.crm.TestNG.Contact.Create_contactTest" name="createContact" time="10.046"/>
  <testcase classname="com.crm.TestNG.Contact.Create_contactTest" name="CreateContactWithOrgNameTest" time="0.0">
    <ignored/>
  </testcase> <!-- CreateContactWithOrgNameTest -->
</testsuite> <!-- Test -->
